<?xml version="1.0" encoding="UTF-8"?>
<!-- Generated by org.testng.reporters.JUnitReportReporter -->
<testsuite hostname="LAPTOP-CFNFQMU8" failures="0" tests="1" name="com.acenso.test.LoginTest" time="14.453" errors="0" timestamp="02 mar. 2021 21:20:05 GMT" skipped="0">
  <testcase classname="com.acenso.test.LoginTest" name="iniciarSesion" time="14.453"/>
</testsuite> <!-- com.acenso.test.LoginTest -->
