<?xml version="1.0" encoding="UTF-8"?>
<!-- Generated by org.testng.reporters.JUnitReportReporter -->
<testsuite hostname="LAPTOP-CFNFQMU8" failures="0" tests="1" name="com.acenso.test.CampanasTest" time="22.482" errors="0" timestamp="08 mar. 2021 05:17:42 GMT" skipped="0">
  <testcase classname="com.acenso.test.CampanasTest" name="realizarInversion" time="22.482"/>
</testsuite> <!-- com.acenso.test.CampanasTest -->
